<?xml version="1.0" encoding="UTF-8"?>
<coverage generated="1695656044415" clover="3.2.0">
  <project timestamp="1695656044415" name="All files">
    <metrics statements="4" coveredstatements="4" conditionals="2" coveredconditionals="2" methods="3" coveredmethods="3" elements="9" coveredelements="9" complexity="0" loc="4" ncloc="4" packages="1" files="1" classes="1"/>
    <file name="errorrepository.js" path="C:\MSI Kate\KateWolsh\IT\Frontend\Home work\containersmap\src\errorrepository.js">
      <metrics statements="4" coveredstatements="4" conditionals="2" coveredconditionals="2" methods="3" coveredmethods="3"/>
      <line num="3" count="2" type="stmt"/>
      <line num="6" count="4" type="stmt"/>
      <line num="11" count="3" type="stmt"/>
      <line num="12" count="3" type="cond" truecount="2" falsecount="0"/>
    </file>
  </project>
</coverage>
