{"C:\\MSI Kate\\KateWolsh\\IT\\Frontend\\Home work\\containersmap\\src\\errorrepository.js": {"path":"C:\\MSI Kate\\KateWolsh\\IT\\Frontend\\Home work\\containersmap\\src\\errorrepository.js","statementMap":{"0":{"start":{"line":3,"column":8},"end":{"line":3,"column":34}},"1":{"start":{"line":6,"column":8},"end":{"line":6,"column":45}},"2":{"start":{"line":11,"column":28},"end":{"line":11,"column":51}},"3":{"start":{"line":12,"column":8},"end":{"line":12,"column":73}}},"fnMap":{"0":{"name":"(anonymous_0)","decl":{"start":{"line":2,"column":4},"end":{"line":2,"column":5}},"loc":{"start":{"line":2,"column":18},"end":{"line":4,"column":5}},"line":2},"1":{"name":"(anonymous_1)","decl":{"start":{"line":5,"column":4},"end":{"line":5,"column":5}},"loc":{"start":{"line":5,"column":32},"end":{"line":7,"column":7}},"line":5},"2":{"name":"(anonymous_2)","decl":{"start":{"line":10,"column":6},"end":{"line":10,"column":7}},"loc":{"start":{"line":10,"column":22},"end":{"line":13,"column":7}},"line":10}},"branchMap":{"0":{"loc":{"start":{"line":12,"column":15},"end":{"line":12,"column":72}},"type":"cond-expr","locations":[{"start":{"line":12,"column":43},"end":{"line":12,"column":54}},{"start":{"line":12,"column":57},"end":{"line":12,"column":72}}],"line":12}},"s":{"0":2,"1":4,"2":3,"3":3},"f":{"0":2,"1":4,"2":3},"b":{"0":[2,1]},"_coverageSchema":"1a1c01bbd47fc00a2c39e90264f33305004495a9","hash":"3c1289dc92b2920951ac71750be23725912ac9de"}
}
